[debug] [2025-06-05T20:09:02.801Z] ----------------------------------------------------------------------
[debug] [2025-06-05T20:09:02.802Z] Command:       /Users/fredvanrijswijk/.nvm/versions/node/v20.15.0/bin/node /Users/fredvanrijswijk/.nvm/versions/node/v20.15.0/bin/firebase init
[debug] [2025-06-05T20:09:02.803Z] CLI Version:   14.6.0
[debug] [2025-06-05T20:09:02.803Z] Platform:      darwin
[debug] [2025-06-05T20:09:02.803Z] Node Version:  v20.15.0
[debug] [2025-06-05T20:09:02.803Z] Time:          Thu Jun 05 2025 22:09:02 GMT+0200 (Central European Summer Time)
[debug] [2025-06-05T20:09:02.803Z] ----------------------------------------------------------------------
[debug] 
[debug] [2025-06-05T20:09:02.806Z] > command requires scopes: ["email","openid","https://www.googleapis.com/auth/cloudplatformprojects.readonly","https://www.googleapis.com/auth/firebase","https://www.googleapis.com/auth/cloud-platform"]
[debug] [2025-06-05T20:09:02.806Z] > authorizing via signed-in user (info@novatrek.app)
[info] 
     ######## #### ########  ######## ########     ###     ######  ########
     ##        ##  ##     ## ##       ##     ##  ##   ##  ##       ##
     ######    ##  ########  ######   ########  #########  ######  ######
     ##        ##  ##    ##  ##       ##     ## ##     ##       ## ##
     ##       #### ##     ## ######## ########  ##     ##  ######  ########

You're about to initialize a Firebase project in this directory:

  /Users/fredvanrijswijk/NovaTrek/web-app/frontend

[debug] [2025-06-05T20:09:16.019Z] ExitPromptError: User force closed the prompt with SIGINT
    at Interface.sigint (/Users/fredvanrijswijk/.nvm/versions/node/v20.15.0/lib/node_modules/firebase-tools/node_modules/@inquirer/core/dist/commonjs/lib/create-prompt.js:101:37)
    at Interface.emit (node:events:519:28)
    at Interface.emit (node:domain:488:12)
    at [_ttyWrite] [as _ttyWrite] (node:internal/readline/interface:1126:18)
    at ReadStream.onkeypress (node:internal/readline/interface:265:20)
    at ReadStream.emit (node:events:531:35)
    at ReadStream.emit (node:domain:488:12)
    at emitKeys (node:internal/readline/utils:371:14)
    at emitKeys.next (<anonymous>)
    at ReadStream.onData (node:internal/readline/emitKeypressEvents:64:36)
[error] 
[error] Error: An unexpected error has occurred.
